<?xml version="1.0" encoding="UTF-8"?>
<testsuite name="ListTests" tests="48" skipped="0" failures="1" errors="0" timestamp="2022-04-11T01:56:35" hostname="Giulias-MBP" time="0.101">
  <properties/>
  <testcase name="reverse a list of 1" classname="ListTests" time="0.056"/>
  <testcase name="reverse a list of 6" classname="ListTests" time="0.0"/>
  <testcase name="decode run-length encoded list - Int Int" classname="ListTests" time="0.002"/>
  <testcase name="duplicate each element of a string list given a number of times 3" classname="ListTests" time="0.017"/>
  <testcase name="duplicate each element of an int list" classname="ListTests" time="0.0"/>
  <testcase name="remove kth element from string list" classname="ListTests" time="0.001"/>
  <testcase name="find the number of elements of an empty list" classname="ListTests" time="0.001"/>
  <testcase name="run-length encoding of a list of single items directly" classname="ListTests" time="0.0"/>
  <testcase name="find the nth element of an empty list" classname="ListTests" time="0.003"/>
  <testcase name="check if a list of 6 is a palindrome - false" classname="ListTests" time="0.0"/>
  <testcase name="check if a list of strings is a palindrome - true" classname="ListTests" time="0.0"/>
  <testcase name="modify run-length encoding to show single elements simply copied in the result list - all pairs" classname="ListTests" time="0.0"/>
  <testcase name="decode run-length encoded list - Int String" classname="ListTests" time="0.001"/>
  <testcase name="remove kth element out of bound from list" classname="ListTests" time="0.0"/>
  <testcase name="insert element at given position" classname="ListTests" time="0.004">
    <failure message="java.lang.AssertionError: expected:&lt;[a, X, b, c]&gt; but was:&lt;[a, X, b, c, d]&gt;" type="java.lang.AssertionError">java.lang.AssertionError: expected:&lt;[a, X, b, c]&gt; but was:&lt;[a, X, b, c, d]&gt;
	at org.junit.Assert.fail(Assert.java:89)
	at org.junit.Assert.failNotEquals(Assert.java:835)
	at org.junit.Assert.assertEquals(Assert.java:120)
	at kotlin.test.junit.JUnitAsserter.assertEquals(JUnitSupport.kt:32)
	at kotlin.test.AssertionsKt__AssertionsKt.assertEquals(Assertions.kt:63)
	at kotlin.test.AssertionsKt.assertEquals(Unknown Source)
	at kotlin.test.AssertionsKt__AssertionsKt.assertEquals$default(Assertions.kt:62)
	at kotlin.test.AssertionsKt.assertEquals$default(Unknown Source)
	at ListTests.insert element at given position(ListTests.kt:421)
	at java.base/jdk.internal.reflect.NativeMethodAccessorImpl.invoke0(Native Method)
	at java.base/jdk.internal.reflect.NativeMethodAccessorImpl.invoke(NativeMethodAccessorImpl.java:77)
	at java.base/jdk.internal.reflect.DelegatingMethodAccessorImpl.invoke(DelegatingMethodAccessorImpl.java:43)
	at java.base/java.lang.reflect.Method.invoke(Method.java:568)
	at org.junit.runners.model.FrameworkMethod$1.runReflectiveCall(FrameworkMethod.java:59)
	at org.junit.internal.runners.model.ReflectiveCallable.run(ReflectiveCallable.java:12)
	at org.junit.runners.model.FrameworkMethod.invokeExplosively(FrameworkMethod.java:56)
	at org.junit.internal.runners.statements.InvokeMethod.evaluate(InvokeMethod.java:17)
	at org.junit.runners.ParentRunner$3.evaluate(ParentRunner.java:306)
	at org.junit.runners.BlockJUnit4ClassRunner$1.evaluate(BlockJUnit4ClassRunner.java:100)
	at org.junit.runners.ParentRunner.runLeaf(ParentRunner.java:366)
	at org.junit.runners.BlockJUnit4ClassRunner.runChild(BlockJUnit4ClassRunner.java:103)
	at org.junit.runners.BlockJUnit4ClassRunner.runChild(BlockJUnit4ClassRunner.java:63)
	at org.junit.runners.ParentRunner$4.run(ParentRunner.java:331)
	at org.junit.runners.ParentRunner$1.schedule(ParentRunner.java:79)
	at org.junit.runners.ParentRunner.runChildren(ParentRunner.java:329)
	at org.junit.runners.ParentRunner.access$100(ParentRunner.java:66)
	at org.junit.runners.ParentRunner$2.evaluate(ParentRunner.java:293)
	at org.junit.runners.ParentRunner$3.evaluate(ParentRunner.java:306)
	at org.junit.runners.ParentRunner.run(ParentRunner.java:413)
	at org.gradle.api.internal.tasks.testing.junit.JUnitTestClassExecutor.runTestClass(JUnitTestClassExecutor.java:110)
	at org.gradle.api.internal.tasks.testing.junit.JUnitTestClassExecutor.execute(JUnitTestClassExecutor.java:58)
	at org.gradle.api.internal.tasks.testing.junit.JUnitTestClassExecutor.execute(JUnitTestClassExecutor.java:38)
	at org.gradle.api.internal.tasks.testing.junit.AbstractJUnitTestClassProcessor.processTestClass(AbstractJUnitTestClassProcessor.java:62)
	at org.gradle.api.internal.tasks.testing.SuiteTestClassProcessor.processTestClass(SuiteTestClassProcessor.java:51)
	at java.base/jdk.internal.reflect.NativeMethodAccessorImpl.invoke0(Native Method)
	at java.base/jdk.internal.reflect.NativeMethodAccessorImpl.invoke(NativeMethodAccessorImpl.java:77)
	at java.base/jdk.internal.reflect.DelegatingMethodAccessorImpl.invoke(DelegatingMethodAccessorImpl.java:43)
	at java.base/java.lang.reflect.Method.invoke(Method.java:568)
	at org.gradle.internal.dispatch.ReflectionDispatch.dispatch(ReflectionDispatch.java:36)
	at org.gradle.internal.dispatch.ReflectionDispatch.dispatch(ReflectionDispatch.java:24)
	at org.gradle.internal.dispatch.ContextClassLoaderDispatch.dispatch(ContextClassLoaderDispatch.java:33)
	at org.gradle.internal.dispatch.ProxyDispatchAdapter$DispatchingInvocationHandler.invoke(ProxyDispatchAdapter.java:94)
	at jdk.proxy1/jdk.proxy1.$Proxy2.processTestClass(Unknown Source)
	at org.gradle.api.internal.tasks.testing.worker.TestWorker$2.run(TestWorker.java:176)
	at org.gradle.api.internal.tasks.testing.worker.TestWorker.executeAndMaintainThreadName(TestWorker.java:129)
	at org.gradle.api.internal.tasks.testing.worker.TestWorker.execute(TestWorker.java:100)
	at org.gradle.api.internal.tasks.testing.worker.TestWorker.execute(TestWorker.java:60)
	at org.gradle.process.internal.worker.child.ActionExecutionWorker.execute(ActionExecutionWorker.java:56)
	at org.gradle.process.internal.worker.child.SystemApplicationClassLoaderWorker.call(SystemApplicationClassLoaderWorker.java:133)
	at org.gradle.process.internal.worker.child.SystemApplicationClassLoaderWorker.call(SystemApplicationClassLoaderWorker.java:71)
	at worker.org.gradle.process.internal.worker.GradleWorkerMain.run(GradleWorkerMain.java:69)
	at worker.org.gradle.process.internal.worker.GradleWorkerMain.main(GradleWorkerMain.java:74)
</failure>
  </testcase>
  <testcase name="modify run-length encoding of empty list to show single elements simply copied in the result list" classname="ListTests" time="0.001"/>
  <testcase name="decode run-length encoded list - empty list" classname="ListTests" time="0.0"/>
  <testcase name="run-length encoding of a list of all pairs directly" classname="ListTests" time="0.0"/>
  <testcase name="find the nth negative element of a list" classname="ListTests" time="0.0"/>
  <testcase name="find the last less one element of a list of 1" classname="ListTests" time="0.0"/>
  <testcase name="modify run-length encoding to show single elements simply copied in the result list" classname="ListTests" time="0.0"/>
  <testcase name="run-length encoding of a list directly" classname="ListTests" time="0.0"/>
  <testcase name="find the last less one element of an empty list" classname="ListTests" time="0.001"/>
  <testcase name="find the last element of an empty list" classname="ListTests" time="0.0"/>
  <testcase name="remove kth element from empty list" classname="ListTests" time="0.0"/>
  <testcase name="reverse a list of strings" classname="ListTests" time="0.001"/>
  <testcase name="duplicate each element of a string list" classname="ListTests" time="0.0"/>
  <testcase name="modify run-length encoding to show single elements simply copied in the result list - all single" classname="ListTests" time="0.0"/>
  <testcase name="duplicate each element of an int list given a number of times 3" classname="ListTests" time="0.0"/>
  <testcase name="decode run-length encoded list - Int Char" classname="ListTests" time="0.0"/>
  <testcase name="duplicate each element of an empty list" classname="ListTests" time="0.0"/>
  <testcase name="find the nth element of a list which is out of bound" classname="ListTests" time="0.0"/>
  <testcase name="find the nth element of a list of 1" classname="ListTests" time="0.0"/>
  <testcase name="find the nth element of a list" classname="ListTests" time="0.0"/>
  <testcase name="check if a list of 5 is a palindrome - false" classname="ListTests" time="0.0"/>
  <testcase name="find the last element of a list" classname="ListTests" time="0.0"/>
  <testcase name="run-length encoding of empty list directly" classname="ListTests" time="0.001"/>
  <testcase name="find the last less one element of a list" classname="ListTests" time="0.0"/>
  <testcase name="find the number of elements of a list of 5" classname="ListTests" time="0.0"/>
  <testcase name="find the number of elements of a list of 6" classname="ListTests" time="0.0"/>
  <testcase name="duplicate each element of a list given a number of times 1" classname="ListTests" time="0.0"/>
  <testcase name="check if a list of 6 is a palindrome - true" classname="ListTests" time="0.0"/>
  <testcase name="duplicate each element of an empty list given a number of times 3" classname="ListTests" time="0.0"/>
  <testcase name="check if a list of 5 is a palindrome - true" classname="ListTests" time="0.0"/>
  <testcase name="remove kth element from int list" classname="ListTests" time="0.0"/>
  <testcase name="check if an empty list is a palindrome" classname="ListTests" time="0.0"/>
  <testcase name="reverse an empty list" classname="ListTests" time="0.0"/>
  <testcase name="check if a list of strings is a palindrome - false" classname="ListTests" time="0.0"/>
  <system-out><![CDATA[Index is out of bound!
Index is out of bound!
Index is out of bound!
Index is out of bound!
Index is out of bound!
Index is out of bound!
]]></system-out>
  <system-err><![CDATA[]]></system-err>
</testsuite>
